Watching for file changes with StatReloader
C:\Users\volch\Desktop\djangoFrameWork\project\myproject\myapp\views.py changed, reloading.
Watching for file changes with StatReloader
C:\Users\volch\Desktop\djangoFrameWork\project\myproject\myapp\views.py changed, reloading.
Watching for file changes with StatReloader
C:\Users\volch\Desktop\djangoFrameWork\project\myproject\myapp\views.py changed, reloading.
Watching for file changes with StatReloader
C:\Users\volch\Desktop\djangoFrameWork\project\myproject\myapp\views.py changed, reloading.
Watching for file changes with StatReloader
C:\Users\volch\Desktop\djangoFrameWork\project\myproject\myapp\views.py changed, reloading.
Watching for file changes with StatReloader
C:\Users\volch\Desktop\djangoFrameWork\project\myproject\myapp\views.py changed, reloading.
Watching for file changes with StatReloader
C:\Users\volch\Desktop\djangoFrameWork\project\myproject\myapp\views.py changed, reloading.
Watching for file changes with StatReloader
C:\Users\volch\Desktop\djangoFrameWork\project\myproject\myapp\views.py changed, reloading.
Watching for file changes with StatReloader
C:\Users\volch\Desktop\djangoFrameWork\project\myproject\myapp\views.py changed, reloading.
Watching for file changes with StatReloader
Watching for file changes with StatReloader
Not Found: /
"GET / HTTP/1.1" 404 2169
Not Found: /
"GET / HTTP/1.1" 404 2169
"GET /prefix/ HTTP/1.1" 200 13
"GET /prefix/ HTTP/1.1" 200 13
"GET /prefix/about/ HTTP/1.1" 200 27
C:\Users\volch\Desktop\djangoFrameWork\project\myproject\myproject\settings.py changed, reloading.
Watching for file changes with StatReloader
C:\Users\volch\Desktop\djangoFrameWork\project\myproject\myproject\settings.py changed, reloading.
Watching for file changes with StatReloader
C:\Users\volch\Desktop\djangoFrameWork\project\myproject\myproject\settings.py changed, reloading.
Watching for file changes with StatReloader
C:\Users\volch\Desktop\djangoFrameWork\project\myproject\myproject\settings.py changed, reloading.
INFO 2024-06-17 00:52:29,844 autoreload 28888 29264 Watching for file changes with StatReloader
INFO 2024-06-17 00:53:02,535 autoreload 28924 32784 Watching for file changes with StatReloader
WARNING 2024-06-17 00:53:07,245 log 28924 18748 Not Found: /
WARNING 2024-06-17 00:53:07,246 basehttp 28924 18748 "GET / HTTP/1.1" 404 2169
WARNING 2024-06-17 00:53:09,570 log 28924 18748 Not Found: /
WARNING 2024-06-17 00:53:09,571 basehttp 28924 18748 "GET / HTTP/1.1" 404 2169
INFO 2024-06-17 00:53:15,909 basehttp 28924 18748 "GET /prefix/about/ HTTP/1.1" 200 27
INFO 2024-06-17 00:53:21,283 basehttp 28924 18748 "GET /prefix/ HTTP/1.1" 200 13
INFO 2024-06-17 00:56:34,601 autoreload 28924 32784 C:\Users\volch\Desktop\djangoFrameWork\project\myproject\myapp\views.py changed, reloading.
INFO 2024-06-17 00:56:35,172 autoreload 20352 22536 Watching for file changes with StatReloader
INFO 2024-06-17 01:08:35,219 autoreload 32656 25008 Watching for file changes with StatReloader
WARNING 2024-06-17 01:08:38,044 log 32656 27700 Not Found: /
WARNING 2024-06-17 01:08:38,049 basehttp 32656 27700 "GET / HTTP/1.1" 404 2169
INFO 2024-06-17 01:08:46,690 basehttp 32656 27700 "GET /prefix/about/ HTTP/1.1" 200 27
INFO 2024-06-17 01:08:50,519 basehttp 32656 27700 "GET /prefix/ HTTP/1.1" 200 380
INFO 2024-06-17 01:12:43,323 autoreload 32656 25008 C:\Users\volch\Desktop\djangoFrameWork\project\myproject\myapp\views.py changed, reloading.
INFO 2024-06-17 01:12:43,938 autoreload 24736 1968 Watching for file changes with StatReloader
INFO 2024-06-17 01:12:45,376 autoreload 24736 1968 C:\Users\volch\Desktop\djangoFrameWork\project\myproject\myapp\views.py changed, reloading.
INFO 2024-06-17 01:12:45,892 autoreload 28736 21508 Watching for file changes with StatReloader
INFO 2024-06-17 01:12:52,406 autoreload 28736 21508 C:\Users\volch\Desktop\djangoFrameWork\project\myproject\myapp\views.py changed, reloading.
INFO 2024-06-17 01:12:52,975 autoreload 31368 25796 Watching for file changes with StatReloader
INFO 2024-06-17 01:12:58,472 autoreload 31368 25796 C:\Users\volch\Desktop\djangoFrameWork\project\myproject\myapp\views.py changed, reloading.
INFO 2024-06-17 01:12:59,029 autoreload 15296 28888 Watching for file changes with StatReloader
INFO 2024-06-17 01:13:06,571 autoreload 15296 28888 C:\Users\volch\Desktop\djangoFrameWork\project\myproject\myapp\views.py changed, reloading.
INFO 2024-06-17 01:13:07,141 autoreload 15332 9824 Watching for file changes with StatReloader
INFO 2024-06-17 01:13:14,723 autoreload 15332 9824 C:\Users\volch\Desktop\djangoFrameWork\project\myproject\myapp\views.py changed, reloading.
INFO 2024-06-17 01:13:15,284 autoreload 15904 18748 Watching for file changes with StatReloader
INFO 2024-06-17 01:13:17,742 autoreload 15904 18748 C:\Users\volch\Desktop\djangoFrameWork\project\myproject\myapp\views.py changed, reloading.
INFO 2024-06-17 01:13:18,256 autoreload 24736 21516 Watching for file changes with StatReloader
INFO 2024-06-17 01:13:19,673 autoreload 24736 21516 C:\Users\volch\Desktop\djangoFrameWork\project\myproject\myapp\views.py changed, reloading.
INFO 2024-06-17 01:13:20,209 autoreload 1408 33040 Watching for file changes with StatReloader
INFO 2024-06-17 01:13:21,599 autoreload 1408 33040 C:\Users\volch\Desktop\djangoFrameWork\project\myproject\myapp\views.py changed, reloading.
INFO 2024-06-17 01:13:22,104 autoreload 29956 25144 Watching for file changes with StatReloader
INFO 2024-06-17 01:13:25,589 autoreload 29956 25144 C:\Users\volch\Desktop\djangoFrameWork\project\myproject\myapp\views.py changed, reloading.
INFO 2024-06-17 01:13:26,104 autoreload 13660 27404 Watching for file changes with StatReloader
INFO 2024-06-17 01:13:28,533 autoreload 13660 27404 C:\Users\volch\Desktop\djangoFrameWork\project\myproject\myapp\views.py changed, reloading.
INFO 2024-06-17 01:13:29,092 autoreload 9452 16492 Watching for file changes with StatReloader
INFO 2024-06-17 01:13:33,545 autoreload 9452 16492 C:\Users\volch\Desktop\djangoFrameWork\project\myproject\myapp\views.py changed, reloading.
INFO 2024-06-17 01:13:34,120 autoreload 17204 28688 Watching for file changes with StatReloader
INFO 2024-06-17 01:13:38,353 basehttp 17204 20788 "GET /prefix/ HTTP/1.1" 200 380
INFO 2024-06-17 01:13:44,964 basehttp 17204 20788 "GET /prefix/about/ HTTP/1.1" 200 552
INFO 2024-06-20 13:42:32,475 autoreload 14072 3436 Watching for file changes with StatReloader
WARNING 2024-06-20 13:42:37,012 log 14072 13432 Not Found: /
WARNING 2024-06-20 13:42:37,013 basehttp 14072 13432 "GET / HTTP/1.1" 404 2169
WARNING 2024-06-20 13:42:37,081 log 14072 13432 Not Found: /favicon.ico
WARNING 2024-06-20 13:42:37,082 basehttp 14072 13432 "GET /favicon.ico HTTP/1.1" 404 2220
WARNING 2024-06-20 13:42:40,260 log 14072 13432 Not Found: /
WARNING 2024-06-20 13:42:40,260 basehttp 14072 13432 "GET / HTTP/1.1" 404 2169
INFO 2024-06-20 13:42:48,619 basehttp 14072 13432 "GET /prefix/about/ HTTP/1.1" 200 552
INFO 2024-06-20 14:55:21,589 basehttp 14072 14432 "GET /admin/ HTTP/1.1" 302 0
INFO 2024-06-20 14:55:21,635 basehttp 14072 14432 "GET /admin/login/?next=/admin/ HTTP/1.1" 200 4158
INFO 2024-06-20 14:55:21,852 basehttp 14072 9680 "GET /static/admin/css/login.css HTTP/1.1" 200 958
INFO 2024-06-20 14:55:21,854 basehttp 14072 9680 "GET /static/admin/js/nav_sidebar.js HTTP/1.1" 200 3063
INFO 2024-06-20 14:55:21,913 basehttp 14072 11020 "GET /static/admin/css/nav_sidebar.css HTTP/1.1" 200 2810
INFO 2024-06-20 14:55:21,968 basehttp 14072 19052 "GET /static/admin/css/dark_mode.css HTTP/1.1" 200 2682
INFO 2024-06-20 14:55:22,021 basehttp 14072 8 "GET /static/admin/js/theme.js HTTP/1.1" 200 1943
INFO 2024-06-20 14:55:22,026 basehttp 14072 14432 "GET /static/admin/css/base.css HTTP/1.1" 200 21544
INFO 2024-06-20 14:55:22,048 basehttp 14072 13864 "GET /static/admin/css/responsive.css HTTP/1.1" 200 17905
INFO 2024-06-20 19:14:52,992 autoreload 20984 20148 Watching for file changes with StatReloader
INFO 2024-06-20 19:17:24,854 autoreload 14316 20332 Watching for file changes with StatReloader
WARNING 2024-06-20 19:17:28,712 log 14316 20816 Not Found: /
WARNING 2024-06-20 19:17:28,712 basehttp 14316 20816 "GET / HTTP/1.1" 404 2169
INFO 2024-06-20 19:22:08,080 autoreload 8120 2720 Watching for file changes with StatReloader
